<?xml version="1.0" encoding="UTF-8"?>
<testng-results ignored="0" total="1" passed="1" failed="0" skipped="0">
  <reporter-output>
  </reporter-output>
  <suite started-at="2023-08-03T15:17:26 PKT" name="Default Suite" finished-at="2023-08-03T15:17:32 PKT" duration-ms="6648">
    <groups>
      <group name="cucumber">
        <method signature="AbstractTestNGCucumberTests.runScenario(io.cucumber.testng.PickleWrapper,io.cucumber.testng.FeatureWrapper)[pri:0, instance:TestNgRunner@ef9296d]" name="runScenario" class="io.cucumber.testng.AbstractTestNGCucumberTests"/>
      </group> <!-- cucumber -->
    </groups>
    <test started-at="2023-08-03T15:17:26 PKT" name="Selenium_Assignment_Part_2" finished-at="2023-08-03T15:17:32 PKT" duration-ms="6648">
      <class name="TestNgRunner">
        <test-method is-config="true" signature="setUpClass(org.testng.ITestContext)[pri:0, instance:TestNgRunner@ef9296d]" started-at="2023-08-03T15:17:26 PKT" name="setUpClass" finished-at="2023-08-03T15:17:26 PKT" duration-ms="377" status="PASS">
          <params>
            <param index="0">
              <value>
                <![CDATA[org.testng.TestRunner@d48673]]>
              </value>
            </param>
          </params>
          <reporter-output>
          </reporter-output>
        </test-method> <!-- setUpClass -->
        <test-method signature="runScenario(io.cucumber.testng.PickleWrapper,io.cucumber.testng.FeatureWrapper)[pri:0, instance:TestNgRunner@ef9296d]" started-at="2023-08-03T15:17:26 PKT" name="runScenario" description="Runs Cucumber Scenarios" data-provider="scenarios" finished-at="2023-08-03T15:17:32 PKT" duration-ms="6179" status="PASS">
          <params>
            <param index="0">
              <value>
                <![CDATA["Check login is successful with valid credentials"]]>
              </value>
            </param>
            <param index="1">
              <value>
                <![CDATA["Optional[feature to test is login functionality]"]]>
              </value>
            </param>
          </params>
          <reporter-output>
          </reporter-output>
        </test-method> <!-- runScenario -->
        <test-method is-config="true" signature="tearDownClass()[pri:0, instance:TestNgRunner@ef9296d]" started-at="2023-08-03T15:17:32 PKT" name="tearDownClass" finished-at="2023-08-03T15:17:32 PKT" duration-ms="8" status="PASS">
          <reporter-output>
          </reporter-output>
        </test-method> <!-- tearDownClass -->
      </class> <!-- TestNgRunner -->
    </test> <!-- Selenium_Assignment_Part_2 -->
  </suite> <!-- Default Suite -->
</testng-results>
